<?xml version="1.0" encoding="UTF-8"?>
<!-- Generated by org.testng.reporters.JUnitXMLReporter -->
<testsuite ignored="0" hostname="PF4A59NC" failures="0" tests="3" name="Test" time="3.186" errors="0" timestamp="2025-06-23T18:50:30 IST">
  <testcase classname="TestNg.TC_1_LoginToOrangeHRM" name="enterUserName" time="0.414"/>
  <testcase classname="TestNg.TC_1_LoginToOrangeHRM" name="enterPassword" time="0.068"/>
  <testcase classname="TestNg.TC_1_LoginToOrangeHRM" name="clickLogin" time="0.06"/>
</testsuite> <!-- Test -->
