<?xml version="1.0" encoding="UTF-8"?>
<!-- Generated by org.testng.reporters.JUnitXMLReporter -->
<testsuite ignored="0" hostname="PF4A59NC" failures="0" tests="8" name="Default test" time="27.759" errors="0" timestamp="2025-06-27T18:58:18 IST">
  <testcase classname="Tests.LoginAndLogoutTest" name="verifyApplicationLogo" time="0.42"/>
  <testcase classname="Tests.LoginAndLogoutTest" name="verifyForgotYourPasswordLink" time="0.099"/>
  <testcase classname="Tests.LoginAndLogoutTest" name="enterUserName" time="0.307"/>
  <testcase classname="Tests.LoginAndLogoutTest" name="enterPassword" time="0.299"/>
  <testcase classname="Tests.LoginAndLogoutTest" name="clickLogin" time="1.567"/>
  <testcase classname="Tests.LoginAndLogoutTest" name="clickAdminTab" time="7.584"/>
  <testcase classname="Tests.LoginAndLogoutTest" name="clickUser" time="6.145"/>
  <testcase classname="Tests.LoginAndLogoutTest" name="clickLogoutTab" time="7.142"/>
</testsuite> <!-- Default test -->
