<?xml version="1.0" encoding="UTF-8"?>
<testng-results ignored="0" total="8" passed="8" failed="0" skipped="0">
  <reporter-output>
  </reporter-output>
  <suite started-at="2025-06-27T18:57:50 IST" name="Default suite" finished-at="2025-06-27T18:58:18 IST" duration-ms="27759">
    <groups>
    </groups>
    <test started-at="2025-06-27T18:57:50 IST" name="Default test" finished-at="2025-06-27T18:58:18 IST" duration-ms="27759">
      <class name="Tests.LoginAndLogoutTest">
        <test-method is-config="true" signature="launchBrowser()[pri:0, instance:Tests.LoginAndLogoutTest@5db6b9cd]" started-at="2025-06-27T18:57:39 IST" name="launchBrowser" finished-at="2025-06-27T18:57:50 IST" duration-ms="10565" status="PASS">
          <reporter-output>
          </reporter-output>
        </test-method> <!-- launchBrowser -->
        <test-method is-config="true" signature="launchURL()[pri:0, instance:Tests.LoginAndLogoutTest@5db6b9cd]" started-at="2025-06-27T18:57:50 IST" name="launchURL" finished-at="2025-06-27T18:57:53 IST" duration-ms="3408" status="PASS">
          <reporter-output>
          </reporter-output>
        </test-method> <!-- launchURL -->
        <test-method is-config="true" signature="maximizeTheBrowser()[pri:0, instance:Tests.LoginAndLogoutTest@5db6b9cd]" started-at="2025-06-27T18:57:53 IST" name="maximizeTheBrowser" finished-at="2025-06-27T18:57:53 IST" duration-ms="190" status="PASS">
          <reporter-output>
          </reporter-output>
        </test-method> <!-- maximizeTheBrowser -->
        <test-method is-config="true" signature="waiting()[pri:0, instance:Tests.LoginAndLogoutTest@5db6b9cd]" started-at="2025-06-27T18:57:54 IST" name="waiting" finished-at="2025-06-27T18:57:54 IST" duration-ms="30" status="PASS">
          <reporter-output>
          </reporter-output>
        </test-method> <!-- waiting -->
        <test-method signature="verifyApplicationLogo()[pri:0, instance:Tests.LoginAndLogoutTest@5db6b9cd]" started-at="2025-06-27T18:57:54 IST" name="verifyApplicationLogo" finished-at="2025-06-27T18:57:54 IST" duration-ms="420" status="PASS">
          <reporter-output>
          </reporter-output>
        </test-method> <!-- verifyApplicationLogo -->
        <test-method is-config="true" signature="waiting1()[pri:0, instance:Tests.LoginAndLogoutTest@5db6b9cd]" started-at="2025-06-27T18:57:54 IST" name="waiting1" finished-at="2025-06-27T18:57:54 IST" duration-ms="16" status="PASS">
          <reporter-output>
          </reporter-output>
        </test-method> <!-- waiting1 -->
        <test-method is-config="true" signature="waiting()[pri:0, instance:Tests.LoginAndLogoutTest@5db6b9cd]" started-at="2025-06-27T18:57:54 IST" name="waiting" finished-at="2025-06-27T18:57:54 IST" duration-ms="32" status="PASS">
          <reporter-output>
          </reporter-output>
        </test-method> <!-- waiting -->
        <test-method signature="verifyForgotYourPasswordLink()[pri:1, instance:Tests.LoginAndLogoutTest@5db6b9cd]" started-at="2025-06-27T18:57:54 IST" name="verifyForgotYourPasswordLink" finished-at="2025-06-27T18:57:54 IST" duration-ms="99" status="PASS">
          <reporter-output>
          </reporter-output>
        </test-method> <!-- verifyForgotYourPasswordLink -->
        <test-method is-config="true" signature="waiting1()[pri:0, instance:Tests.LoginAndLogoutTest@5db6b9cd]" started-at="2025-06-27T18:57:54 IST" name="waiting1" finished-at="2025-06-27T18:57:54 IST" duration-ms="17" status="PASS">
          <reporter-output>
          </reporter-output>
        </test-method> <!-- waiting1 -->
        <test-method is-config="true" signature="waiting()[pri:0, instance:Tests.LoginAndLogoutTest@5db6b9cd]" started-at="2025-06-27T18:57:54 IST" name="waiting" finished-at="2025-06-27T18:57:54 IST" duration-ms="19" status="PASS">
          <reporter-output>
          </reporter-output>
        </test-method> <!-- waiting -->
        <test-method signature="enterUserName()[pri:2, instance:Tests.LoginAndLogoutTest@5db6b9cd]" started-at="2025-06-27T18:57:54 IST" name="enterUserName" finished-at="2025-06-27T18:57:55 IST" duration-ms="307" status="PASS">
          <reporter-output>
          </reporter-output>
        </test-method> <!-- enterUserName -->
        <test-method is-config="true" signature="waiting1()[pri:0, instance:Tests.LoginAndLogoutTest@5db6b9cd]" started-at="2025-06-27T18:57:55 IST" name="waiting1" finished-at="2025-06-27T18:57:55 IST" duration-ms="24" status="PASS">
          <reporter-output>
          </reporter-output>
        </test-method> <!-- waiting1 -->
        <test-method is-config="true" signature="waiting()[pri:0, instance:Tests.LoginAndLogoutTest@5db6b9cd]" started-at="2025-06-27T18:57:55 IST" name="waiting" finished-at="2025-06-27T18:57:55 IST" duration-ms="33" status="PASS">
          <reporter-output>
          </reporter-output>
        </test-method> <!-- waiting -->
        <test-method signature="enterPassword()[pri:3, instance:Tests.LoginAndLogoutTest@5db6b9cd]" started-at="2025-06-27T18:57:55 IST" name="enterPassword" finished-at="2025-06-27T18:57:55 IST" duration-ms="299" status="PASS">
          <reporter-output>
          </reporter-output>
        </test-method> <!-- enterPassword -->
        <test-method is-config="true" signature="waiting1()[pri:0, instance:Tests.LoginAndLogoutTest@5db6b9cd]" started-at="2025-06-27T18:57:55 IST" name="waiting1" finished-at="2025-06-27T18:57:55 IST" duration-ms="16" status="PASS">
          <reporter-output>
          </reporter-output>
        </test-method> <!-- waiting1 -->
        <test-method is-config="true" signature="waiting()[pri:0, instance:Tests.LoginAndLogoutTest@5db6b9cd]" started-at="2025-06-27T18:57:55 IST" name="waiting" finished-at="2025-06-27T18:57:55 IST" duration-ms="15" status="PASS">
          <reporter-output>
          </reporter-output>
        </test-method> <!-- waiting -->
        <test-method signature="clickLogin()[pri:4, instance:Tests.LoginAndLogoutTest@5db6b9cd]" started-at="2025-06-27T18:57:55 IST" name="clickLogin" finished-at="2025-06-27T18:57:57 IST" duration-ms="1567" status="PASS">
          <reporter-output>
          </reporter-output>
        </test-method> <!-- clickLogin -->
        <test-method is-config="true" signature="waiting1()[pri:0, instance:Tests.LoginAndLogoutTest@5db6b9cd]" started-at="2025-06-27T18:57:57 IST" name="waiting1" finished-at="2025-06-27T18:57:57 IST" duration-ms="20" status="PASS">
          <reporter-output>
          </reporter-output>
        </test-method> <!-- waiting1 -->
        <test-method is-config="true" signature="waiting()[pri:0, instance:Tests.LoginAndLogoutTest@5db6b9cd]" started-at="2025-06-27T18:57:57 IST" name="waiting" finished-at="2025-06-27T18:57:57 IST" duration-ms="22" status="PASS">
          <reporter-output>
          </reporter-output>
        </test-method> <!-- waiting -->
        <test-method signature="clickAdminTab()[pri:5, instance:Tests.LoginAndLogoutTest@5db6b9cd]" started-at="2025-06-27T18:57:57 IST" name="clickAdminTab" finished-at="2025-06-27T18:58:04 IST" duration-ms="7584" status="PASS">
          <reporter-output>
          </reporter-output>
        </test-method> <!-- clickAdminTab -->
        <test-method is-config="true" signature="waiting1()[pri:0, instance:Tests.LoginAndLogoutTest@5db6b9cd]" started-at="2025-06-27T18:58:04 IST" name="waiting1" finished-at="2025-06-27T18:58:04 IST" duration-ms="14" status="PASS">
          <reporter-output>
          </reporter-output>
        </test-method> <!-- waiting1 -->
        <test-method is-config="true" signature="waiting()[pri:0, instance:Tests.LoginAndLogoutTest@5db6b9cd]" started-at="2025-06-27T18:58:04 IST" name="waiting" finished-at="2025-06-27T18:58:04 IST" duration-ms="14" status="PASS">
          <reporter-output>
          </reporter-output>
        </test-method> <!-- waiting -->
        <test-method signature="clickUser()[pri:5, instance:Tests.LoginAndLogoutTest@5db6b9cd]" started-at="2025-06-27T18:58:04 IST" name="clickUser" finished-at="2025-06-27T18:58:10 IST" duration-ms="6145" status="PASS">
          <reporter-output>
          </reporter-output>
        </test-method> <!-- clickUser -->
        <test-method is-config="true" signature="waiting1()[pri:0, instance:Tests.LoginAndLogoutTest@5db6b9cd]" started-at="2025-06-27T18:58:10 IST" name="waiting1" finished-at="2025-06-27T18:58:10 IST" duration-ms="25" status="PASS">
          <reporter-output>
          </reporter-output>
        </test-method> <!-- waiting1 -->
        <test-method is-config="true" signature="waiting()[pri:0, instance:Tests.LoginAndLogoutTest@5db6b9cd]" started-at="2025-06-27T18:58:10 IST" name="waiting" finished-at="2025-06-27T18:58:10 IST" duration-ms="15" status="PASS">
          <reporter-output>
          </reporter-output>
        </test-method> <!-- waiting -->
        <test-method signature="clickLogoutTab()[pri:6, instance:Tests.LoginAndLogoutTest@5db6b9cd]" started-at="2025-06-27T18:58:10 IST" name="clickLogoutTab" finished-at="2025-06-27T18:58:18 IST" duration-ms="7142" status="PASS">
          <reporter-output>
          </reporter-output>
        </test-method> <!-- clickLogoutTab -->
        <test-method is-config="true" signature="waiting1()[pri:0, instance:Tests.LoginAndLogoutTest@5db6b9cd]" started-at="2025-06-27T18:58:18 IST" name="waiting1" finished-at="2025-06-27T18:58:18 IST" duration-ms="15" status="PASS">
          <reporter-output>
          </reporter-output>
        </test-method> <!-- waiting1 -->
        <test-method is-config="true" signature="closeBrowser()[pri:0, instance:Tests.LoginAndLogoutTest@5db6b9cd]" started-at="2025-06-27T18:58:18 IST" name="closeBrowser" finished-at="2025-06-27T18:58:27 IST" duration-ms="9445" status="PASS">
          <reporter-output>
          </reporter-output>
        </test-method> <!-- closeBrowser -->
      </class> <!-- Tests.LoginAndLogoutTest -->
    </test> <!-- Default test -->
  </suite> <!-- Default suite -->
</testng-results>
